2026-02-22 18:58:35 [INFO] Message from thread 3 [INFO]
2026-02-22 18:58:35 [INFO] Message from thread 2 [INFO]
2026-02-22 18:58:35 [WARNING] Message from thread 2 [WARNING]
2026-02-22 18:58:35 [INFO] Message from thread 1 [INFO]
2026-02-22 18:58:35 [WARNING] Message from thread 3 [WARNING]
2026-02-22 18:58:35 [ERROR] Message from thread 2 [ERROR]
2026-02-22 18:58:35 [WARNING] Message from thread 1 [WARNING]
2026-02-22 18:58:35 [ERROR] Message from thread 3 [ERROR]
2026-02-22 18:58:35 [ERROR] Message from thread 1 [ERROR]
2026-02-22 19:00:53 [INFO] Поток 2 сообщение [INFO]
2026-02-22 19:00:53 [INFO] Поток 1 сообщение [INFO]
2026-02-22 19:00:53 [INFO] Поток 3 сообщение [INFO]
2026-02-22 19:00:53 [WARNING] Поток 2 предупреждение [WARNING]
2026-02-22 19:00:53 [WARNING] Поток 1 предупреждение [WARNING]
2026-02-22 19:00:53 [ERROR] Поток 1 ошибка [ERROR]
2026-02-22 19:00:53 [WARNING] Поток 3 предупреждение [WARNING]
2026-02-22 19:00:53 [ERROR] Поток 3 ошибка [ERROR]
2026-02-22 19:00:53 [ERROR] Поток 2 ошибка [ERROR]
2026-02-22 19:01:08 [INFO] Поток 2 сообщение [INFO]
2026-02-22 19:01:08 [INFO] Поток 3 сообщение [INFO]
2026-02-22 19:01:08 [INFO] Поток 1 сообщение [INFO]
2026-02-22 19:01:08 [WARNING] Поток 2 предупреждение [WARNING]
2026-02-22 19:01:08 [WARNING] Поток 3 предупреждение [WARNING]
2026-02-22 19:01:08 [WARNING] Поток 1 предупреждение [WARNING]
2026-02-22 19:01:08 [ERROR] Поток 1 ошибка [ERROR]
2026-02-22 19:01:08 [ERROR] Поток 2 ошибка [ERROR]
2026-02-22 19:01:08 [ERROR] Поток 3 ошибка [ERROR]
2026-02-22 19:02:45 [INFO] Поток 2 сообщение [INFO]
2026-02-22 19:02:45 [INFO] Поток 3 сообщение [INFO]
2026-02-22 19:02:45 [WARNING] Поток 3 предупреждение [WARNING]
2026-02-22 19:02:45 [INFO] Поток 1 сообщение [INFO]
2026-02-22 19:02:45 [WARNING] Поток 1 предупреждение [WARNING]
2026-02-22 19:02:45 [ERROR] Поток 1 ошибка [ERROR]
2026-02-22 19:02:45 [WARNING] Поток 2 предупреждение [WARNING]
2026-02-22 19:02:45 [ERROR] Поток 2 ошибка [ERROR]
2026-02-22 19:02:45 [ERROR] Поток 3 ошибка [ERROR]
